Joons-MacBook-Pro:abilists_docker njoonk$ docker build -t abilists:v0.4.1 .
Sending build context to Docker daemon  28.67kB
Step 1/12 : FROM tomcat:8.5.50-jdk8-openjdk-slim
 ---> 0c1d9da794f2
Step 2/12 : MAINTAINER joon.kim@abilists.com
 ---> Using cache
 ---> 867e3602d65b
Step 3/12 : VOLUME ~/.abilists
 ---> Using cache
 ---> 9caad332b4c5
Step 4/12 : ENV TZ=Asia/Seoul
 ---> Using cache
 ---> 660b381145c8
Step 5/12 : RUN apt-get update
 ---> Running in 5d6412f29942
Get:2 http://deb.debian.org/debian buster InRelease [122 kB]
Get:1 http://security-cdn.debian.org/debian-security buster/updates InRelease [65.4 kB]
Get:3 http://deb.debian.org/debian buster-updates InRelease [49.3 kB]
Get:4 http://security-cdn.debian.org/debian-security buster/updates/main amd64 Packages [163 kB]
Get:5 http://deb.debian.org/debian buster/main amd64 Packages [7908 kB]
Get:6 http://deb.debian.org/debian buster-updates/main amd64 Packages [5792 B]
Fetched 8313 kB in 16s (536 kB/s)
Reading package lists...
Removing intermediate container 5d6412f29942
 ---> 76436436097c
Step 6/12 : RUN apt-get -y install curl
 ---> Running in d30677ee2d3f
Reading package lists...
Building dependency tree...
Reading state information...
The following additional packages will be installed:
  krb5-locales libcurl4 libgssapi-krb5-2 libk5crypto3 libkeyutils1 libkrb5-3
  libkrb5support0 libldap-2.4-2 libldap-common libnghttp2-14 libpsl5 librtmp1
  libsasl2-2 libsasl2-modules libsasl2-modules-db libssh2-1 publicsuffix
Suggested packages:
  krb5-doc krb5-user libsasl2-modules-gssapi-mit
  | libsasl2-modules-gssapi-heimdal libsasl2-modules-ldap libsasl2-modules-otp
  libsasl2-modules-sql
The following NEW packages will be installed:
  curl krb5-locales libcurl4 libgssapi-krb5-2 libk5crypto3 libkeyutils1
  libkrb5-3 libkrb5support0 libldap-2.4-2 libldap-common libnghttp2-14 libpsl5
  librtmp1 libsasl2-2 libsasl2-modules libsasl2-modules-db libssh2-1
  publicsuffix
0 upgraded, 18 newly installed, 0 to remove and 0 not upgraded.
Need to get 2471 kB of archives.
After this operation, 5837 kB of additional disk space will be used.
Get:1 http://deb.debian.org/debian buster/main amd64 krb5-locales all 1.17-3 [95.4 kB]
Get:2 http://deb.debian.org/debian buster/main amd64 libkeyutils1 amd64 1.6-6 [15.0 kB]
Get:3 http://deb.debian.org/debian buster/main amd64 libkrb5support0 amd64 1.17-3 [65.6 kB]
Get:4 http://deb.debian.org/debian buster/main amd64 libk5crypto3 amd64 1.17-3 [121 kB]
Get:5 http://deb.debian.org/debian buster/main amd64 libkrb5-3 amd64 1.17-3 [370 kB]
Get:6 http://deb.debian.org/debian buster/main amd64 libgssapi-krb5-2 amd64 1.17-3 [158 kB]
Get:7 http://deb.debian.org/debian buster/main amd64 libsasl2-modules-db amd64 2.1.27+dfsg-1 [69.0 kB]
Get:8 http://deb.debian.org/debian buster/main amd64 libsasl2-2 amd64 2.1.27+dfsg-1 [106 kB]
Get:9 http://deb.debian.org/debian buster/main amd64 libldap-common all 2.4.47+dfsg-3+deb10u1 [89.6 kB]
Get:10 http://deb.debian.org/debian buster/main amd64 libldap-2.4-2 amd64 2.4.47+dfsg-3+deb10u1 [225 kB]
Get:11 http://deb.debian.org/debian buster/main amd64 libnghttp2-14 amd64 1.36.0-2+deb10u1 [85.0 kB]
Get:12 http://deb.debian.org/debian buster/main amd64 libpsl5 amd64 0.20.2-2 [53.7 kB]
Get:13 http://deb.debian.org/debian buster/main amd64 librtmp1 amd64 2.4+20151223.gitfa8646d.1-2 [60.5 kB]
Get:14 http://deb.debian.org/debian buster/main amd64 libssh2-1 amd64 1.8.0-2.1 [140 kB]
Get:15 http://deb.debian.org/debian buster/main amd64 libcurl4 amd64 7.64.0-4 [332 kB]
Get:16 http://deb.debian.org/debian buster/main amd64 curl amd64 7.64.0-4 [264 kB]
Get:17 http://deb.debian.org/debian buster/main amd64 libsasl2-modules amd64 2.1.27+dfsg-1 [104 kB]
Get:18 http://deb.debian.org/debian buster/main amd64 publicsuffix all 20190415.1030-1 [116 kB]
debconf: delaying package configuration, since apt-utils is not installed
Fetched 2471 kB in 6s (406 kB/s)
Selecting previously unselected package krb5-locales.
(Reading database ... 6888 files and directories currently installed.)
Preparing to unpack .../00-krb5-locales_1.17-3_all.deb ...
Unpacking krb5-locales (1.17-3) ...
Selecting previously unselected package libkeyutils1:amd64.
Preparing to unpack .../01-libkeyutils1_1.6-6_amd64.deb ...
Unpacking libkeyutils1:amd64 (1.6-6) ...
Selecting previously unselected package libkrb5support0:amd64.
Preparing to unpack .../02-libkrb5support0_1.17-3_amd64.deb ...
Unpacking libkrb5support0:amd64 (1.17-3) ...
Selecting previously unselected package libk5crypto3:amd64.
Preparing to unpack .../03-libk5crypto3_1.17-3_amd64.deb ...
Unpacking libk5crypto3:amd64 (1.17-3) ...
Selecting previously unselected package libkrb5-3:amd64.
Preparing to unpack .../04-libkrb5-3_1.17-3_amd64.deb ...
Unpacking libkrb5-3:amd64 (1.17-3) ...
Selecting previously unselected package libgssapi-krb5-2:amd64.
Preparing to unpack .../05-libgssapi-krb5-2_1.17-3_amd64.deb ...
Unpacking libgssapi-krb5-2:amd64 (1.17-3) ...
Selecting previously unselected package libsasl2-modules-db:amd64.
Preparing to unpack .../06-libsasl2-modules-db_2.1.27+dfsg-1_amd64.deb ...
Unpacking libsasl2-modules-db:amd64 (2.1.27+dfsg-1) ...
Selecting previously unselected package libsasl2-2:amd64.
Preparing to unpack .../07-libsasl2-2_2.1.27+dfsg-1_amd64.deb ...
Unpacking libsasl2-2:amd64 (2.1.27+dfsg-1) ...
Selecting previously unselected package libldap-common.
Preparing to unpack .../08-libldap-common_2.4.47+dfsg-3+deb10u1_all.deb ...
Unpacking libldap-common (2.4.47+dfsg-3+deb10u1) ...
Selecting previously unselected package libldap-2.4-2:amd64.
Preparing to unpack .../09-libldap-2.4-2_2.4.47+dfsg-3+deb10u1_amd64.deb ...
Unpacking libldap-2.4-2:amd64 (2.4.47+dfsg-3+deb10u1) ...
Selecting previously unselected package libnghttp2-14:amd64.
Preparing to unpack .../10-libnghttp2-14_1.36.0-2+deb10u1_amd64.deb ...
Unpacking libnghttp2-14:amd64 (1.36.0-2+deb10u1) ...
Selecting previously unselected package libpsl5:amd64.
Preparing to unpack .../11-libpsl5_0.20.2-2_amd64.deb ...
Unpacking libpsl5:amd64 (0.20.2-2) ...
Selecting previously unselected package librtmp1:amd64.
Preparing to unpack .../12-librtmp1_2.4+20151223.gitfa8646d.1-2_amd64.deb ...
Unpacking librtmp1:amd64 (2.4+20151223.gitfa8646d.1-2) ...
Selecting previously unselected package libssh2-1:amd64.
Preparing to unpack .../13-libssh2-1_1.8.0-2.1_amd64.deb ...
Unpacking libssh2-1:amd64 (1.8.0-2.1) ...
Selecting previously unselected package libcurl4:amd64.
Preparing to unpack .../14-libcurl4_7.64.0-4_amd64.deb ...
Unpacking libcurl4:amd64 (7.64.0-4) ...
Selecting previously unselected package curl.
Preparing to unpack .../15-curl_7.64.0-4_amd64.deb ...
Unpacking curl (7.64.0-4) ...
Selecting previously unselected package libsasl2-modules:amd64.
Preparing to unpack .../16-libsasl2-modules_2.1.27+dfsg-1_amd64.deb ...
Unpacking libsasl2-modules:amd64 (2.1.27+dfsg-1) ...
Selecting previously unselected package publicsuffix.
Preparing to unpack .../17-publicsuffix_20190415.1030-1_all.deb ...
Unpacking publicsuffix (20190415.1030-1) ...
Setting up libkeyutils1:amd64 (1.6-6) ...
Setting up libpsl5:amd64 (0.20.2-2) ...
Setting up libsasl2-modules:amd64 (2.1.27+dfsg-1) ...
Setting up libnghttp2-14:amd64 (1.36.0-2+deb10u1) ...
Setting up krb5-locales (1.17-3) ...
Setting up libldap-common (2.4.47+dfsg-3+deb10u1) ...
Setting up libkrb5support0:amd64 (1.17-3) ...
Setting up libsasl2-modules-db:amd64 (2.1.27+dfsg-1) ...
Setting up librtmp1:amd64 (2.4+20151223.gitfa8646d.1-2) ...
Setting up libk5crypto3:amd64 (1.17-3) ...
Setting up libsasl2-2:amd64 (2.1.27+dfsg-1) ...
Setting up libssh2-1:amd64 (1.8.0-2.1) ...
Setting up libkrb5-3:amd64 (1.17-3) ...
Setting up publicsuffix (20190415.1030-1) ...
Setting up libldap-2.4-2:amd64 (2.4.47+dfsg-3+deb10u1) ...
Setting up libgssapi-krb5-2:amd64 (1.17-3) ...
Setting up libcurl4:amd64 (7.64.0-4) ...
Setting up curl (7.64.0-4) ...
Processing triggers for libc-bin (2.28-10) ...
Removing intermediate container d30677ee2d3f
 ---> 8e72dfac2f15
Step 7/12 : RUN /usr/bin/curl -O https://github.com/abilists/abilists_client/raw/master/webapps/ROOT.war
 ---> Running in 270f04eced97
  % Total    % Received % Xferd  Average Speed   Time    Time     Time  Current
                                 Dload  Upload   Total   Spent    Left  Speed
100   148  100   148    0     0   2114      0 --:--:-- --:--:-- --:--:--  2084
Removing intermediate container 270f04eced97
 ---> 4ee0d5412033
Step 8/12 : RUN rm -rf /usr/local/tomcat/webapps/ROOT
 ---> Running in 221f334a367f
Removing intermediate container 221f334a367f
 ---> c92849ef354d
Step 9/12 : RUN rm -rf /usr/local/tomcat/webapps/docs
 ---> Running in 6e5fc3c21bf5
Removing intermediate container 6e5fc3c21bf5
 ---> e78b4f73eaff
Step 10/12 : RUN rm -rf /usr/local/tomcat/webapps/examples
 ---> Running in 962bf0ed996a
Removing intermediate container 962bf0ed996a
 ---> 64efc69e4f03
Step 11/12 : RUN mv ./ROOT.war /usr/local/tomcat/webapps/ROOT.war
 ---> Running in 49e7d8931af8
Removing intermediate container 49e7d8931af8
 ---> 1e3f2b6b6243
Step 12/12 : CMD ["catalina.sh", "run"]
 ---> Running in 64d0f4bfc95c
Removing intermediate container 64d0f4bfc95c
 ---> 67a5f096345d
Successfully built 67a5f096345d
Successfully tagged abilists:v0.4.1